
--> Start <--
--> Lambda_c generation with p p colision 
--> random seed      : 21091991
--> proton energy    : 270 GeV/c
--> number of events : 1000
--> Out root file    : /media/andrii/F492773C92770302/SPS_SimulationData/hardccbar.root


 *------------------------------------------------------------------------------------* 
 |                                                                                    | 
 |  *------------------------------------------------------------------------------*  | 
 |  |                                                                              |  | 
 |  |                                                                              |  | 
 |  |   PPP   Y   Y  TTTTT  H   H  III    A      Welcome to the Lund Monte Carlo!  |  | 
 |  |   P  P   Y Y     T    H   H   I    A A     This is PYTHIA version 8.185      |  | 
 |  |   PPP     Y      T    HHHHH   I   AAAAA    Last date of change: 15 Mar 2014  |  | 
 |  |   P       Y      T    H   H   I   A   A                                      |  | 
 |  |   P       Y      T    H   H  III  A   A    Now is 29 Jan 2019 at 10:11:21    |  | 
 |  |                                                                              |  | 
 |  |   Torbjorn Sjostrand;  Department of Astronomy and Theoretical Physics,      |  | 
 |  |      Lund University, Solvegatan 14A, SE-223 62 Lund, Sweden;                |  | 
 |  |      phone: + 46 - 46 - 222 48 16; e-mail: torbjorn@thep.lu.se               |  | 
 |  |   Jesper Roy Christiansen;  Department of Astronomy and Theoretical Physics, |  | 
 |  |      Lund University, Solvegatan 14A, SE-223 62 Lund, Sweden;                |  | 
 |  |      e-mail: Jesper.Roy.Christiansen@thep.lu.se                              |  | 
 |  |   Nishita Desai;  Institut fuer Theoretische Physik,                         |  | 
 |  |     Universitaet Heidelberg, Philosophenweg 16, D-69120 Heidelberg, Germany; |  | 
 |  |      phone: +49 - 6221 54 9424; e-mail: Nishita.Desai@cern.ch                |  | 
 |  |   Philip Ilten;  Massachusetts Institute of Technology,                      |  | 
 |  |      stationed at CERN, CH-1211 Geneva 23, Switzerland;                      |  | 
 |  |      e-mail: philten@cern.ch                                                 |  | 
 |  |   Stephen Mrenna;  Computing Division, Simulations Group,                    |  | 
 |  |      Fermi National Accelerator Laboratory, MS 234, Batavia, IL 60510, USA;  |  | 
 |  |      phone: + 1 - 630 - 840 - 2556; e-mail: mrenna@fnal.gov                  |  | 
 |  |   Stefan Prestel;  Theory Group, DESY,                                       |  | 
 |  |      Notkestrasse 85, D-22607 Hamburg, Germany;                              |  | 
 |  |      phone: + 49 - 40 - 8998-4250; e-mail: stefan.prestel@thep.lu.se         |  | 
 |  |   Peter Skands;  Theoretical Physics, CERN, CH-1211 Geneva 23, Switzerland;  |  | 
 |  |      phone: + 41 - 22 - 767 2447; e-mail: peter.skands@cern.ch               |  | 
 |  |   Stefan Ask; former author; e-mail: ask.stefan@gmail.com                    |  | 
 |  |   Richard Corke; former author; e-mail: r.corke@errno.net                    |  | 
 |  |                                                                              |  | 
 |  |   The main program reference is the 'Brief Introduction to PYTHIA 8.1',      |  | 
 |  |   T. Sjostrand, S. Mrenna and P. Skands, Comput. Phys. Comm. 178 (2008) 85   |  | 
 |  |   [arXiv:0710.3820]                                                          |  | 
 |  |                                                                              |  | 
 |  |   The main physics reference is the 'PYTHIA 6.4 Physics and Manual',         |  | 
 |  |   T. Sjostrand, S. Mrenna and P. Skands, JHEP05 (2006) 026 [hep-ph/0603175]. |  | 
 |  |                                                                              |  | 
 |  |   An archive of program versions and documentation is found on the web:      |  | 
 |  |   http://www.thep.lu.se/~torbjorn/Pythia.html                                |  | 
 |  |                                                                              |  | 
 |  |   This program is released under the GNU General Public Licence version 2.   |  | 
 |  |   Please respect the MCnet Guidelines for Event Generator Authors and Users. |  | 
 |  |                                                                              |  | 
 |  |   Disclaimer: this program comes without any guarantees.                     |  | 
 |  |   Beware of errors and use common sense when interpreting results.           |  | 
 |  |                                                                              |  | 
 |  |   Copyright (C) 2014 Torbjorn Sjostrand                                      |  | 
 |  |                                                                              |  | 
 |  |                                                                              |  | 
 |  *------------------------------------------------------------------------------*  | 
 |                                                                                    | 
 *------------------------------------------------------------------------------------* 

showAStat 1

 *-------  PYTHIA Process Initialization  --------------------------*
 |                                                                  |
 | We collide p+ with p+ at a CM energy of 2.255e+01 GeV            |
 |                                                                  |
 |------------------------------------------------------------------|
 |                                                    |             |
 | Subprocess                                    Code |   Estimated |
 |                                                    |    max (mb) |
 |                                                    |             |
 |------------------------------------------------------------------|
 |                                                    |             |
 | g g -> c cbar                                  121 |   5.132e-03 |
 | q qbar -> c cbar                               122 |   1.864e-03 |
 |                                                                  |
 *-------  End PYTHIA Process Initialization -----------------------*

 *-------  PYTHIA Multiparton Interactions Initialization  ---------* 
 |                                                                  | 
 |                   sigmaNonDiffractive =   23.93 mb               | 
 |                                                                  | 
 |    pT0 =  0.91 gives sigmaInteraction =   49.03 mb: accepted     | 
 |                                                                  | 
 *-------  End PYTHIA Multiparton Interactions Initialization  -----* 
 PYTHIA Warning in MultipartonInteractions::init: maximum increased by factor 1.032

 *-------  PYTHIA Flag + Mode + Parm + Word + FVec + MVec + PVec Settings (changes only)  -------------------------* 
 |                                                                                                                 | 
 | Name                                          |                      Now |      Default         Min         Max | 
 |                                               |                          |                                      | 
 | BeamRemnants:reconnectRange                   |                  1.50000 |     10.00000         0.0    10.00000 | 
 | Beams:eA                                      |                270.00000 |     7000.000         0.0             | 
 | Beams:eB                                      |                      0.0 |     7000.000         0.0             | 
 | Beams:frameType                               |                        2 |            1           1           5 | 
 | HardQCD:hardccbar                             |                       on |          off                         | 
 | Main:numberToList                             |                        1 |            2           0             | 
 | Main:showAllStatistics                        |                       on |          off                         | 
 | Main:timesAllowErrors                         |                    10000 |           10           0             | 
 | Main:timesToShow                              |                       20 |           50           0             | 
 | MultipartonInteractions:alphaSvalue           |                  0.13500 |      0.12700   0.0600000     0.25000 | 
 | MultipartonInteractions:bProfile              |                        3 |            1           0           4 | 
 | MultipartonInteractions:ecmPow                |                  0.19000 |      0.24000         0.0     0.50000 | 
 | MultipartonInteractions:expPow                |                  2.00000 |      1.00000     0.40000    10.00000 | 
 | MultipartonInteractions:pT0Ref                |                  2.08500 |      2.15000     0.50000    10.00000 | 
 | PDF:pSet                                      |                        8 |            2           1          16 | 
 | Random:seed                                   |                 21091991 |           -1               900000000 | 
 | Random:setSeed                                |                       on |          off                         | 
 | SigmaDiffractive:dampen                       |                       on |          off                         | 
 | SigmaDiffractive:maxAX                        |                 65.00000 |     15.00000         0.0             | 
 | SigmaDiffractive:maxXB                        |                 65.00000 |     15.00000         0.0             | 
 | SigmaDiffractive:maxXX                        |                 65.00000 |     15.00000         0.0             | 
 | SigmaProcess:alphaSvalue                      |                  0.13500 |      0.12650   0.0600000     0.25000 | 
 | SigmaProcess:factorMultFac                    |                  2.00000 |      1.00000     0.10000    10.00000 | 
 | SigmaProcess:factorScale2                     |                        3 |            1           1           5 | 
 | SigmaProcess:renormMultFac                    |                  2.00000 |      1.00000     0.10000    10.00000 | 
 | SigmaProcess:renormScale2                     |                        3 |            2           1           5 | 
 | SigmaTotal:zeroAXB                            |                       on |          off                         | 
 | SpaceShower:rapidityOrder                     |                       on |          off                         | 
 | StringFlav:mesonCvector                       |                  1.50000 |      1.06000         0.0     3.00000 | 
 |                                                                                                                 | 
 *-------  End PYTHIA Flag + Mode + Parm + Word + FVec + MVec + PVec Settings  ------------------------------------* 

 --------  PYTHIA Particle Data Table (changed only)  ------------------------------------------------------------------------------
 
      id   name            antiName         spn chg col      m0        mWidth      mMin       mMax       tau0    res dec ext vis wid
             no onMode   bRatio   meMode     products 

    4122  Lambda_c+        Lambda_cbar-       2   3   0    2.28646    0.00000    0.00000    0.00000  5.99000e-02   0   1   0   1   0
              0     1   0.0030000   22      -11       12     2112 
              1     1   0.0020000   22      -11       12     2114 
              2     1   0.0180000   22      -11       12     3122 
              3     1   0.0050000   22      -11       12     3212 
              4     1   0.0050000   22      -11       12     3214 
              5     1   0.0030000   22      -13       14     2112 
              6     1   0.0020000   22      -13       14     2114 
              7     1   0.0180000   22      -13       14     3122 
              8     1   0.0050000   22      -13       14     3212 
              9     1   0.0050000   22      -13       14     3214 
             10     1   0.0060000   22      -11       12     2112      111 
             11     1   0.0060000   22      -11       12     2212     -211 
             12     1   0.0060000   22      -13       14     2112      111 
             13     1   0.0060000   22      -13       14     2212     -211 
             14     1   0.0030000    0     2112      211 
             15     1   0.0030000    0     2112      213 
             16     1   0.0030000    0     2114      211 
             17     1   0.0030000    0     2114      213 
             18     1   0.0020000    0     2212      111 
             19     1   0.0020000    0     2212      113 
             20     1   0.0010000    0     2212      221 
             21     1   0.0020000    0     2212      223 
             22     1   0.0230000    0     2212      311 
             23     1   0.0400000    0     2212     -313 
             24     1   0.0010000    0     2212      331 
             25     1   0.0013000    0     2212      333 
             26     1   0.0010000    0     2214      111 
             27     1   0.0010000    0     2214      113 
             28     1   0.0010000    0     2214      221 
             29     1   0.0010000    0     2214      223 
             30     1   0.0050000    0     2214      311 
             31     1   0.0050000    0     2214     -313 
             32     1   0.0010000    0     2214      331 
             33     1   0.0010000    0     2224     -211 
             34     1   0.0010000    0     2224     -213 
             35     1   0.0066000    0     2224     -321 
             36     1   0.0250000    0     2224     -323 
             37     1   0.0058000    0     3122      211 
             38     1   0.0050000    0     3122      213 
             39     1   0.0050000    0     3122      321 
             40     1   0.0050000    0     3122      323 
             41     1   0.0055000    0     3212      211 
             42     1   0.0040000    0     3212      213 
             43     1   0.0020000    0     3212      321 
             44     1   0.0020000    0     3212      323 
             45     1   0.0040000    0     3214      211 
             46     1   0.0040000    0     3214      213 
             47     1   0.0010000    0     3214      321 
             48     1   0.0010000    0     3214      323 
             49     1   0.0040000    0     3222      111 
             50     1   0.0040000    0     3222      113 
             51     1   0.0020000    0     3222      221 
             52     1   0.0040000    0     3222      223 
             53     1   0.0020000    0     3222      311 
             54     1   0.0020000    0     3222      313 
             55     1   0.0020000    0     3222      331 
             56     1   0.0030000    0     3224      111 
             57     1   0.0030000    0     3224      113 
             58     1   0.0020000    0     3224      221 
             59     1   0.0030000    0     3224      223 
             60     1   0.0010000    0     3224      311 
             61     1   0.0010000    0     3224      313 
             62     1   0.0020000    0     3322      321 
             63     1   0.0020000    0     3322      323 
             64     1   0.0020000    0     3324      321 
             65     1   0.0018000    0  9010221     2212 
             66     1   0.0300000   43        1     2203 
             67     1   0.0150000   43        2     2101 
             68     1   0.0150000   43        2     2103 
             69     1   0.1400000   43        2     3201 
             70     1   0.1400000   43        2     3203 
             71     1   0.0950000   43        3     2203 
             72     1   0.0350000   43        2       -1        1     2101 
             73     1   0.1300000   43        2       -1        1     3201 
             74     1   0.0570000   43        2       -1        1     3203 
             75     1   0.0350000   43        2       -3        1     3201 

 9950023  chi_1b[3S1(8)]                      3   0   2   10.09280    0.00000   10.09280   10.09280  0.00000e+00   0   1   0   1   0
              0     1   1.0000000    0    20553       21 

 9950103  Upsilon(2S)[3S1(8)]                    3   0   2   10.22326    0.00000   10.22326   10.22326  0.00000e+00   0   1   0   1   0
              0     1   1.0000000    0   100553       21 

 9951103  Upsilon(2S)[1S0(8)]                    1   0   2   10.22326    0.00000   10.22326   10.22326  0.00000e+00   0   1   0   1   0
              0     1   1.0000000    0   100553       21 

 9952103  Upsilon(2S)[3PJ(8)]                    3   0   2   10.22326    0.00000   10.22326   10.22326  0.00000e+00   0   1   0   1   0
              0     1   1.0000000    0   100553       21 

 --------  End PYTHIA Particle Data Table  -----------------------------------------------------------------------------------------


 *-------  PYTHIA Flag + Mode + Parm + Word + FVec + MVec + PVec Settings (changes only)  -------------------------* 
 |                                                                                                                 | 
 | Name                                          |                      Now |      Default         Min         Max | 
 |                                               |                          |                                      | 
 | BeamRemnants:reconnectRange                   |                  1.50000 |     10.00000         0.0    10.00000 | 
 | Beams:eA                                      |                270.00000 |     7000.000         0.0             | 
 | Beams:eB                                      |                      0.0 |     7000.000         0.0             | 
 | Beams:frameType                               |                        2 |            1           1           5 | 
 | HardQCD:hardccbar                             |                       on |          off                         | 
 | Main:numberToList                             |                        1 |            2           0             | 
 | Main:showAllStatistics                        |                       on |          off                         | 
 | Main:timesAllowErrors                         |                    10000 |           10           0             | 
 | Main:timesToShow                              |                       20 |           50           0             | 
 | MultipartonInteractions:alphaSvalue           |                  0.13500 |      0.12700   0.0600000     0.25000 | 
 | MultipartonInteractions:bProfile              |                        3 |            1           0           4 | 
 | MultipartonInteractions:ecmPow                |                  0.19000 |      0.24000         0.0     0.50000 | 
 | MultipartonInteractions:expPow                |                  2.00000 |      1.00000     0.40000    10.00000 | 
 | MultipartonInteractions:pT0Ref                |                  2.08500 |      2.15000     0.50000    10.00000 | 
 | PDF:pSet                                      |                        8 |            2           1          16 | 
 | Random:seed                                   |                 21091991 |           -1               900000000 | 
 | Random:setSeed                                |                       on |          off                         | 
 | SigmaDiffractive:dampen                       |                       on |          off                         | 
 | SigmaDiffractive:maxAX                        |                 65.00000 |     15.00000         0.0             | 
 | SigmaDiffractive:maxXB                        |                 65.00000 |     15.00000         0.0             | 
 | SigmaDiffractive:maxXX                        |                 65.00000 |     15.00000         0.0             | 
 | SigmaProcess:alphaSvalue                      |                  0.13500 |      0.12650   0.0600000     0.25000 | 
 | SigmaProcess:factorMultFac                    |                  2.00000 |      1.00000     0.10000    10.00000 | 
 | SigmaProcess:factorScale2                     |                        3 |            1           1           5 | 
 | SigmaProcess:renormMultFac                    |                  2.00000 |      1.00000     0.10000    10.00000 | 
 | SigmaProcess:renormScale2                     |                        3 |            2           1           5 | 
 | SigmaTotal:zeroAXB                            |                       on |          off                         | 
 | SpaceShower:rapidityOrder                     |                       on |          off                         | 
 | StringFlav:mesonCvector                       |                  1.50000 |      1.06000         0.0     3.00000 | 
 |                                                                                                                 | 
 *-------  End PYTHIA Flag + Mode + Parm + Word + FVec + MVec + PVec Settings  ------------------------------------* 

 --------  PYTHIA Info Listing  ---------------------------------------- 
 
 Beam A: id =   2212, pz =  1.124e+01, e =  1.127e+01, m =  9.383e-01.
 Beam B: id =   2212, pz = -1.124e+01, e =  1.127e+01, m =  9.383e-01.

 In 1: id =   -1, x =  2.440e-01, pdf =  4.315e-02 at Q2 =  1.444e+01.
 In 2: id =    1, x =  2.413e-01, pdf =  2.788e-01 at same Q2.

 Subprocess q qbar -> c cbar with code 122 is 2 -> 2.
 It has sHat =  2.992e+01,    tHat = -9.925e+00,    uHat = -1.550e+01,
       pTHat =  2.230e+00,   m3Hat =  1.500e+00,   m4Hat =  1.500e+00,
    thetaHat =  1.346e+00,  phiHat =  5.351e+00.
     alphaEM =  7.548e-03,  alphaS =  2.853e-01    at Q2 =  1.444e+01.

 Impact parameter b =  1.059e+00 gives enhancement factor =  7.093e-01.
 Max pT scale for MPI =  3.800e+00, ISR =  3.800e+00, FSR =  3.800e+00.
 Number of MPI =     1, ISR =     0, FSRproc =     0, FSRreson =     0.

 --------  End PYTHIA Info Listing  ------------------------------------

 --------  PYTHIA Event Listing  (hard process)  -----------------------------------------------------------------------------------
 
    no        id   name            status     mothers   daughters     colours      p_x        p_y        p_z         e          m 
     0        90   (system)           -11     0     0     0     0     0     0      0.000      0.000    269.998    270.938     22.548
     1      2212   (p+)               -12     0     0     3     0     0     0      0.000      0.000    269.998    270.000      0.938
     2      2212   (p+)               -12     0     0     4     0     0     0      0.000      0.000     -0.000      0.938      0.938
     3        -1   (dbar)             -21     1     0     5     6     0   101      0.000      0.000     65.981     65.981      0.000
     4         1   (d)                -21     2     0     5     6   102     0      0.000      0.000     -0.113      0.113      0.000
     5        -4   cbar                23     3     4     0     0     0   101      1.328     -1.791     39.090     39.182      1.500
     6         4   c                   23     3     4     0     0   102     0     -1.328      1.791     26.778     26.912      1.500
                                   Charge sum:  0.000           Momentum sum:      0.000      0.000     65.868     66.095      5.470

 --------  End PYTHIA Event Listing  -----------------------------------------------------------------------------------------------

 --------  PYTHIA Event Listing  (complete event)  ---------------------------------------------------------------------------------
 
    no        id   name            status     mothers   daughters     colours      p_x        p_y        p_z         e          m 
     0        90   (system)           -11     0     0     0     0     0     0      0.000      0.000    269.998    270.938     22.548
     1      2212   (p+)               -12     0     0     7     0     0     0      0.000      0.000    269.998    270.000      0.938
     2      2212   (p+)               -12     0     0     8     0     0     0      0.000      0.000     -0.000      0.938      0.938
     3        -1   (dbar)             -21     7     7     5     6     0   101      0.000      0.000     65.981     65.981      0.000
     4         1   (d)                -21     8     8     5     6   102     0      0.000      0.000     -0.113      0.113      0.000
     5        -4   (cbar)             -23     3     4     9     9     0   101      1.328     -1.791     39.090     39.182      1.500
     6         4   (c)                -23     3     4    10    10   102     0     -1.328      1.791     26.778     26.912      1.500
     7        -1   (dbar)             -61     1     0     3     3     0   101     -2.125     -1.707     70.865     70.917      0.000
     8         1   (d)                -61     2     0     4     4   102     0      0.528      0.040      0.628      0.821      0.000
     9        -4   (cbar)             -62     5     5    20    20     0   101      0.237     -2.826     45.393     45.506      1.500
    10         4   (c)                -62     6     6    24    24   102     0     -1.834      1.159     26.100     26.233      1.500
    11      2203   (uu_1)             -63     1     0    16    16     0   103      0.286      0.471     77.513     77.519      0.771
    12         1   (d)                -63     1     0    19    19   101     0      1.191      0.658     94.724     94.735      0.330
    13         1   (d)                -63     1     0    15    15   103     0      0.648      0.579     25.936     25.953      0.330
    14      2203   (uu_1)             -63     2     0    25    25     0   102     -0.528     -0.040      0.332      0.993      0.771
    15         1   (d)                -71    13    13    17    18   103     0      0.648      0.579     25.936     25.953      0.330
    16      2203   (uu_1)             -71    11    11    17    18     0   103      0.286      0.471     77.513     77.519      0.771
    17      -211   pi-                 82    15    16     0     0     0     0      0.523      0.429     26.995     27.004      0.140
    18      2224   (Delta++)          -82    15    16    29    30     0     0      0.411      0.620     76.455     76.468      1.235
    19         1   (d)                -71    12    12    21    23   101     0      1.191      0.658     94.724     94.735      0.330
    20        -4   (cbar)             -71     9     9    21    23     0   101      0.237     -2.826     45.393     45.506      1.500
    21      -213   (rho-)             -83    19    20    31    32     0     0      0.800      0.461     35.190     35.210      0.750
    22       321   K+                  83    19    20     0     0     0     0      0.397     -0.019     47.952     47.956      0.494
    23      -433   (D*_s-)            -84    19    20    35    36     0     0      0.232     -2.609     56.975     57.074      2.112
    24         4   (c)                -71    10    10    26    28   102     0     -1.834      1.159     26.100     26.233      1.500
    25      2203   (uu_1)             -71    14    14    26    28     0   102     -0.528     -0.040      0.332      0.993      0.771
    26       423   (D*0)              -83    24    25    37    38     0     0     -1.508      1.153     22.876     23.042      2.007
    27       111   (pi0)              -83    24    25    39    40     0     0     -0.329      0.243      2.213      2.255      0.135
    28      2224   (Delta++)          -84    24    25    33    34     0     0     -0.525     -0.277      1.343      1.929      1.251
    29      2212   p+                  91    18     0     0     0     0     0      0.491      0.676     62.984     62.997      0.938
    30       211   pi+                 91    18     0     0     0     0     0     -0.080     -0.056     13.470     13.471      0.140
    31      -211   pi-                 91    21     0     0     0     0     0      0.001      0.187     15.199     15.201      0.140
    32       111   (pi0)              -91    21     0    41    42     0     0      0.799      0.274     19.990     20.009      0.135
    33      2212   p+                  91    28     0     0     0     0     0     -0.663     -0.188      1.187      1.663      0.938
    34       211   pi+                 91    28     0     0     0     0     0      0.138     -0.090      0.156      0.266      0.140
    35      -431   (D_s-)             -91    23     0    43    44     0     0      0.274     -2.608     54.275     54.374      1.968
    36        22   gamma               91    23     0     0     0     0     0     -0.042     -0.001      2.700      2.700      0.000
    37       421   (D0)               -91    26     0    45    47     0     0     -1.384      1.100     21.059     21.216      1.865
    38       111   (pi0)              -91    26     0    48    49     0     0     -0.124      0.053      1.816      1.826      0.135
    39        22   gamma               91    27     0     0     0     0     0     -0.289      0.211      1.604      1.643      0.000
    40        22   gamma               91    27     0     0     0     0     0     -0.041      0.032      0.609      0.611      0.000
    41        22   gamma               91    32     0     0     0     0     0      0.600      0.234     13.908     13.923      0.000
    42        22   gamma               91    32     0     0     0     0     0      0.199      0.040      6.082      6.086      0.000
    43       221   (eta)              -91    35     0    50    51     0     0      0.603     -1.813     22.677     22.764      0.548
    44      -211   pi-                 91    35     0     0     0     0     0     -0.330     -0.796     31.598     31.610      0.140
    45       -13   mu+                 91    37     0     0     0     0     0     -0.384      0.094      5.467      5.483      0.106
    46        14   nu_mu               91    37     0     0     0     0     0     -0.627     -0.063      5.754      5.789      0.000
    47      -323   (K*-)              -91    37     0    52    53     0     0     -0.373      1.068      9.838      9.944      0.909
    48        22   gamma               91    38     0     0     0     0     0     -0.049      0.041      1.488      1.489      0.000
    49        22   gamma               91    38     0     0     0     0     0     -0.075      0.011      0.329      0.337      0.000
    50        22   gamma               91    43     0     0     0     0     0     -0.070     -0.260      2.045      2.062      0.000
    51        22   gamma               91    43     0     0     0     0     0      0.673     -1.553     20.633     20.702      0.000
    52      -311   (Kbar0)            -91    47     0    54    54     0     0     -0.320      0.623      4.203      4.290      0.498
    53      -211   pi-                 91    47     0     0     0     0     0     -0.052      0.445      5.635      5.654      0.140
    54       130   K_L0                91    52    52     0     0     0     0     -0.320      0.623      4.203      4.290      0.498
                                   Charge sum:  2.000           Momentum sum:     -0.000      0.000    269.998    270.938     22.548

 --------  End PYTHIA Event Listing  -----------------------------------------------------------------------------------------------
 PYTHIA Error in BeamRemnants::setKinematics: kinematics construction failed  
 PYTHIA Warning in StringFragmentation::fragmentToJunction: bad convergence junction rest frame  


--> nFills = 0
--> Here is the info:
--> LambdaC_ind = 55
--> EventArray.firstDau[55] = 64.000
--> EventArray.lastDau[55] = 67.000
--> proton_ind = 67 | 2212.000
--> EventArray.Mindex[67] = 55.000
--> kaon_ind = 64 | -323.000
--> EventArray.Mindex[64] = 55.000
--> pion_ind = 65 | 211.000
--> EventArray.Mindex[65] = 55.000


 Pythia::next(): 1000 events have been generated 
 PYTHIA Error in StringFragmentation::fragment: stuck in joining  
 PYTHIA Error in Pythia::next: hadronLevel failed; try again  

 Pythia::next(): 2000 events have been generated 
 PYTHIA Error in MiniStringFragmentation::fragment: no 1- or 2-body state found above mass threshold  

 Pythia::next(): 3000 events have been generated 

 Pythia::next(): 4000 events have been generated 

 Pythia::next(): 5000 events have been generated 

 Pythia::next(): 6000 events have been generated 

 Pythia::next(): 7000 events have been generated 
 PYTHIA Warning in MultipartonInteractions::pTnext: weight above unity  

 Pythia::next(): 8000 events have been generated 

 Pythia::next(): 9000 events have been generated 

 Pythia::next(): 10000 events have been generated 

 Pythia::next(): 11000 events have been generated 

 Pythia::next(): 12000 events have been generated 

 Pythia::next(): 13000 events have been generated 

 Pythia::next(): 14000 events have been generated 

 Pythia::next(): 15000 events have been generated 

 Pythia::next(): 16000 events have been generated 

 Pythia::next(): 17000 events have been generated 

 Pythia::next(): 18000 events have been generated 

 Pythia::next(): 19000 events have been generated 

 Pythia::next(): 20000 events have been generated 

 Pythia::next(): 21000 events have been generated 

 Pythia::next(): 22000 events have been generated 

 Pythia::next(): 23000 events have been generated 

 Pythia::next(): 24000 events have been generated 

 Pythia::next(): 25000 events have been generated 

 Pythia::next(): 26000 events have been generated 

 Pythia::next(): 27000 events have been generated 
 PYTHIA Error in SpaceShower::pT2nearQCDthreshold: stuck in loop  

 Pythia::next(): 28000 events have been generated 

 Pythia::next(): 29000 events have been generated 

 Pythia::next(): 30000 events have been generated 

 Pythia::next(): 31000 events have been generated 

 Pythia::next(): 32000 events have been generated 

 Pythia::next(): 33000 events have been generated 

 Pythia::next(): 34000 events have been generated 

 Pythia::next(): 35000 events have been generated 

 Pythia::next(): 36000 events have been generated 

 Pythia::next(): 37000 events have been generated 

 Pythia::next(): 38000 events have been generated 

 Pythia::next(): 39000 events have been generated 


--> nFills = 100
--> Here is the info:
--> LambdaC_ind = 79
--> EventArray.firstDau[79] = 94.000
--> EventArray.lastDau[79] = 96.000
--> proton_ind = 96 | 2212.000
--> EventArray.Mindex[96] = 79.000
--> kaon_ind = 94 | -321.000
--> EventArray.Mindex[94] = 79.000
--> pion_ind = 95 | 211.000
--> EventArray.Mindex[95] = 79.000


 Pythia::next(): 40000 events have been generated 

 Pythia::next(): 41000 events have been generated 

 Pythia::next(): 42000 events have been generated 

 Pythia::next(): 43000 events have been generated 

 Pythia::next(): 44000 events have been generated 

 Pythia::next(): 45000 events have been generated 

 Pythia::next(): 46000 events have been generated 

 Pythia::next(): 47000 events have been generated 

 Pythia::next(): 48000 events have been generated 
 PYTHIA Error in BeamRemnants::setKinematics: no momentum left for beam remnants  
 PYTHIA Error in Pythia::next: partonLevel failed; try again  
 PYTHIA Warning in SpaceShower::branch: used up beam momentum; retrying parton level  
 PYTHIA Abort from Pythia::next: parton+hadronLevel failed; giving up  

 Pythia::next(): 49000 events have been generated 

 Pythia::next(): 50000 events have been generated 

 Pythia::next(): 51000 events have been generated 

 Pythia::next(): 52000 events have been generated 

 Pythia::next(): 53000 events have been generated 

 Pythia::next(): 54000 events have been generated 

 Pythia::next(): 55000 events have been generated 

 Pythia::next(): 56000 events have been generated 

 Pythia::next(): 57000 events have been generated 

 Pythia::next(): 58000 events have been generated 

 Pythia::next(): 59000 events have been generated 

 Pythia::next(): 60000 events have been generated 

 Pythia::next(): 61000 events have been generated 

 Pythia::next(): 62000 events have been generated 

 Pythia::next(): 63000 events have been generated 

 Pythia::next(): 64000 events have been generated 

 Pythia::next(): 65000 events have been generated 

 Pythia::next(): 66000 events have been generated 

 Pythia::next(): 67000 events have been generated 

 Pythia::next(): 68000 events have been generated 

 Pythia::next(): 69000 events have been generated 

 Pythia::next(): 70000 events have been generated 

 Pythia::next(): 71000 events have been generated 

 Pythia::next(): 72000 events have been generated 

 Pythia::next(): 73000 events have been generated 

 Pythia::next(): 74000 events have been generated 

 Pythia::next(): 75000 events have been generated 

 Pythia::next(): 76000 events have been generated 

 Pythia::next(): 77000 events have been generated 

 Pythia::next(): 78000 events have been generated 

 Pythia::next(): 79000 events have been generated 

 Pythia::next(): 80000 events have been generated 

 Pythia::next(): 81000 events have been generated 


--> nFills = 200
--> Here is the info:
--> LambdaC_ind = 47
--> EventArray.firstDau[47] = 62.000
--> EventArray.lastDau[47] = 64.000
--> proton_ind = 38 | 2212.000
--> EventArray.Mindex[38] = 26.000
--> kaon_ind = 37 | -323.000
--> EventArray.Mindex[37] = 26.000
--> pion_ind = 62 | 211.000
--> EventArray.Mindex[62] = 47.000


 Pythia::next(): 82000 events have been generated 

 Pythia::next(): 83000 events have been generated 

 Pythia::next(): 84000 events have been generated 

 Pythia::next(): 85000 events have been generated 

 Pythia::next(): 86000 events have been generated 

 Pythia::next(): 87000 events have been generated 

 Pythia::next(): 88000 events have been generated 

 Pythia::next(): 89000 events have been generated 

 Pythia::next(): 90000 events have been generated 

 Pythia::next(): 91000 events have been generated 

 Pythia::next(): 92000 events have been generated 

 Pythia::next(): 93000 events have been generated 

 Pythia::next(): 94000 events have been generated 

 Pythia::next(): 95000 events have been generated 

 Pythia::next(): 96000 events have been generated 

 Pythia::next(): 97000 events have been generated 

 Pythia::next(): 98000 events have been generated 

 Pythia::next(): 99000 events have been generated 

 Pythia::next(): 100000 events have been generated 

 Pythia::next(): 101000 events have been generated 

 Pythia::next(): 102000 events have been generated 

 Pythia::next(): 103000 events have been generated 

 Pythia::next(): 104000 events have been generated 

 Pythia::next(): 105000 events have been generated 

 Pythia::next(): 106000 events have been generated 

 Pythia::next(): 107000 events have been generated 

 Pythia::next(): 108000 events have been generated 

 Pythia::next(): 109000 events have been generated 

 Pythia::next(): 110000 events have been generated 

 Pythia::next(): 111000 events have been generated 

 Pythia::next(): 112000 events have been generated 

 Pythia::next(): 113000 events have been generated 

 Pythia::next(): 114000 events have been generated 

 Pythia::next(): 115000 events have been generated 

 Pythia::next(): 116000 events have been generated 

 Pythia::next(): 117000 events have been generated 

 Pythia::next(): 118000 events have been generated 

 Pythia::next(): 119000 events have been generated 


--> nFills = 300
--> Here is the info:
--> LambdaC_ind = 33
--> EventArray.firstDau[33] = 40.000
--> EventArray.lastDau[33] = 42.000
--> proton_ind = 42 | 2212.000
--> EventArray.Mindex[42] = 33.000
--> kaon_ind = 40 | -323.000
--> EventArray.Mindex[40] = 33.000
--> pion_ind = 41 | 211.000
--> EventArray.Mindex[41] = 33.000


 Pythia::next(): 120000 events have been generated 

 Pythia::next(): 121000 events have been generated 

 Pythia::next(): 122000 events have been generated 

 Pythia::next(): 123000 events have been generated 

 Pythia::next(): 124000 events have been generated 

 Pythia::next(): 125000 events have been generated 

 Pythia::next(): 126000 events have been generated 

 Pythia::next(): 127000 events have been generated 

 Pythia::next(): 128000 events have been generated 

 Pythia::next(): 129000 events have been generated 

 Pythia::next(): 130000 events have been generated 

 Pythia::next(): 131000 events have been generated 

 Pythia::next(): 132000 events have been generated 

 Pythia::next(): 133000 events have been generated 

 Pythia::next(): 134000 events have been generated 

 Pythia::next(): 135000 events have been generated 

 Pythia::next(): 136000 events have been generated 

 Pythia::next(): 137000 events have been generated 

 Pythia::next(): 138000 events have been generated 

 Pythia::next(): 139000 events have been generated 

 Pythia::next(): 140000 events have been generated 

 Pythia::next(): 141000 events have been generated 

 Pythia::next(): 142000 events have been generated 

 Pythia::next(): 143000 events have been generated 

 Pythia::next(): 144000 events have been generated 

 Pythia::next(): 145000 events have been generated 

 Pythia::next(): 146000 events have been generated 

 Pythia::next(): 147000 events have been generated 

 Pythia::next(): 148000 events have been generated 

 Pythia::next(): 149000 events have been generated 

 Pythia::next(): 150000 events have been generated 

 Pythia::next(): 151000 events have been generated 

 Pythia::next(): 152000 events have been generated 

 Pythia::next(): 153000 events have been generated 

 Pythia::next(): 154000 events have been generated 

 Pythia::next(): 155000 events have been generated 

 Pythia::next(): 156000 events have been generated 

 Pythia::next(): 157000 events have been generated 

 Pythia::next(): 158000 events have been generated 

 Pythia::next(): 159000 events have been generated 

 Pythia::next(): 160000 events have been generated 

 Pythia::next(): 161000 events have been generated 

 Pythia::next(): 162000 events have been generated 

 Pythia::next(): 163000 events have been generated 

 Pythia::next(): 164000 events have been generated 

 Pythia::next(): 165000 events have been generated 


--> nFills = 400
--> Here is the info:
--> LambdaC_ind = 30
--> EventArray.firstDau[30] = 44.000
--> EventArray.lastDau[30] = 47.000
--> proton_ind = 47 | 2212.000
--> EventArray.Mindex[47] = 30.000
--> kaon_ind = 44 | -321.000
--> EventArray.Mindex[44] = 30.000
--> pion_ind = 46 | 211.000
--> EventArray.Mindex[46] = 30.000


 Pythia::next(): 166000 events have been generated 

 Pythia::next(): 167000 events have been generated 

 Pythia::next(): 168000 events have been generated 

 Pythia::next(): 169000 events have been generated 

 Pythia::next(): 170000 events have been generated 

 Pythia::next(): 171000 events have been generated 

 Pythia::next(): 172000 events have been generated 

 Pythia::next(): 173000 events have been generated 

 Pythia::next(): 174000 events have been generated 

 Pythia::next(): 175000 events have been generated 

 Pythia::next(): 176000 events have been generated 

 Pythia::next(): 177000 events have been generated 

 Pythia::next(): 178000 events have been generated 

 Pythia::next(): 179000 events have been generated 

 Pythia::next(): 180000 events have been generated 

 Pythia::next(): 181000 events have been generated 

 Pythia::next(): 182000 events have been generated 

 Pythia::next(): 183000 events have been generated 

 Pythia::next(): 184000 events have been generated 

 Pythia::next(): 185000 events have been generated 

 Pythia::next(): 186000 events have been generated 

 Pythia::next(): 187000 events have been generated 

 Pythia::next(): 188000 events have been generated 

 Pythia::next(): 189000 events have been generated 

 Pythia::next(): 190000 events have been generated 

 Pythia::next(): 191000 events have been generated 

 Pythia::next(): 192000 events have been generated 

 Pythia::next(): 193000 events have been generated 

 Pythia::next(): 194000 events have been generated 

 Pythia::next(): 195000 events have been generated 

 Pythia::next(): 196000 events have been generated 

 Pythia::next(): 197000 events have been generated 

 Pythia::next(): 198000 events have been generated 

 Pythia::next(): 199000 events have been generated 

 Pythia::next(): 200000 events have been generated 

 Pythia::next(): 201000 events have been generated 

 Pythia::next(): 202000 events have been generated 

 Pythia::next(): 203000 events have been generated 

 Pythia::next(): 204000 events have been generated 

 Pythia::next(): 205000 events have been generated 

 Pythia::next(): 206000 events have been generated 

 Pythia::next(): 207000 events have been generated 

 Pythia::next(): 208000 events have been generated 

 Pythia::next(): 209000 events have been generated 

 Pythia::next(): 210000 events have been generated 


--> nFills = 500
--> Here is the info:
--> LambdaC_ind = 65
--> EventArray.firstDau[65] = 72.000
--> EventArray.lastDau[65] = 74.000
--> proton_ind = 74 | 2212.000
--> EventArray.Mindex[74] = 65.000
--> kaon_ind = 72 | -323.000
--> EventArray.Mindex[72] = 65.000
--> pion_ind = 73 | 211.000
--> EventArray.Mindex[73] = 65.000


 Pythia::next(): 211000 events have been generated 

 Pythia::next(): 212000 events have been generated 

 Pythia::next(): 213000 events have been generated 

 Pythia::next(): 214000 events have been generated 

 Pythia::next(): 215000 events have been generated 

 Pythia::next(): 216000 events have been generated 

 Pythia::next(): 217000 events have been generated 

 Pythia::next(): 218000 events have been generated 

 Pythia::next(): 219000 events have been generated 

 Pythia::next(): 220000 events have been generated 

 Pythia::next(): 221000 events have been generated 

 Pythia::next(): 222000 events have been generated 

 Pythia::next(): 223000 events have been generated 

 Pythia::next(): 224000 events have been generated 

 Pythia::next(): 225000 events have been generated 

 Pythia::next(): 226000 events have been generated 

 Pythia::next(): 227000 events have been generated 

 Pythia::next(): 228000 events have been generated 

 Pythia::next(): 229000 events have been generated 

 Pythia::next(): 230000 events have been generated 

 Pythia::next(): 231000 events have been generated 

 Pythia::next(): 232000 events have been generated 

 Pythia::next(): 233000 events have been generated 

 Pythia::next(): 234000 events have been generated 

 Pythia::next(): 235000 events have been generated 

 Pythia::next(): 236000 events have been generated 

 Pythia::next(): 237000 events have been generated 

 Pythia::next(): 238000 events have been generated 

 Pythia::next(): 239000 events have been generated 

 Pythia::next(): 240000 events have been generated 

 Pythia::next(): 241000 events have been generated 

 Pythia::next(): 242000 events have been generated 


--> nFills = 600
--> Here is the info:
--> LambdaC_ind = 52
--> EventArray.firstDau[52] = 62.000
--> EventArray.lastDau[52] = 65.000
--> proton_ind = 65 | 2212.000
--> EventArray.Mindex[65] = 52.000
--> kaon_ind = 62 | -321.000
--> EventArray.Mindex[62] = 52.000
--> pion_ind = 63 | 211.000
--> EventArray.Mindex[63] = 52.000


 Pythia::next(): 243000 events have been generated 

 Pythia::next(): 244000 events have been generated 

 Pythia::next(): 245000 events have been generated 

 Pythia::next(): 246000 events have been generated 

 Pythia::next(): 247000 events have been generated 

 Pythia::next(): 248000 events have been generated 

 Pythia::next(): 249000 events have been generated 

 Pythia::next(): 250000 events have been generated 

 Pythia::next(): 251000 events have been generated 

 Pythia::next(): 252000 events have been generated 

 Pythia::next(): 253000 events have been generated 

 Pythia::next(): 254000 events have been generated 

 Pythia::next(): 255000 events have been generated 

 Pythia::next(): 256000 events have been generated 

 Pythia::next(): 257000 events have been generated 

 Pythia::next(): 258000 events have been generated 

 Pythia::next(): 259000 events have been generated 

 Pythia::next(): 260000 events have been generated 

 Pythia::next(): 261000 events have been generated 

 Pythia::next(): 262000 events have been generated 

 Pythia::next(): 263000 events have been generated 

 Pythia::next(): 264000 events have been generated 

 Pythia::next(): 265000 events have been generated 

 Pythia::next(): 266000 events have been generated 

 Pythia::next(): 267000 events have been generated 

 Pythia::next(): 268000 events have been generated 

 Pythia::next(): 269000 events have been generated 

 Pythia::next(): 270000 events have been generated 


--> nFills = 700
--> Here is the info:
--> LambdaC_ind = 33
--> EventArray.firstDau[33] = 41.000
--> EventArray.lastDau[33] = 43.000
--> proton_ind = 43 | 2212.000
--> EventArray.Mindex[43] = 33.000
--> kaon_ind = 41 | -321.000
--> EventArray.Mindex[41] = 33.000
--> pion_ind = 42 | 211.000
--> EventArray.Mindex[42] = 33.000


 Pythia::next(): 271000 events have been generated 

 Pythia::next(): 272000 events have been generated 

 Pythia::next(): 273000 events have been generated 

 Pythia::next(): 274000 events have been generated 

 Pythia::next(): 275000 events have been generated 

 Pythia::next(): 276000 events have been generated 

 Pythia::next(): 277000 events have been generated 

 Pythia::next(): 278000 events have been generated 

 Pythia::next(): 279000 events have been generated 

 Pythia::next(): 280000 events have been generated 

 Pythia::next(): 281000 events have been generated 

 Pythia::next(): 282000 events have been generated 

 Pythia::next(): 283000 events have been generated 

 Pythia::next(): 284000 events have been generated 

 Pythia::next(): 285000 events have been generated 

 Pythia::next(): 286000 events have been generated 

 Pythia::next(): 287000 events have been generated 

 Pythia::next(): 288000 events have been generated 

 Pythia::next(): 289000 events have been generated 

 Pythia::next(): 290000 events have been generated 

 Pythia::next(): 291000 events have been generated 

 Pythia::next(): 292000 events have been generated 

 Pythia::next(): 293000 events have been generated 

 Pythia::next(): 294000 events have been generated 

 Pythia::next(): 295000 events have been generated 

 Pythia::next(): 296000 events have been generated 

 Pythia::next(): 297000 events have been generated 

 Pythia::next(): 298000 events have been generated 

 Pythia::next(): 299000 events have been generated 

 Pythia::next(): 300000 events have been generated 

 Pythia::next(): 301000 events have been generated 

 Pythia::next(): 302000 events have been generated 

 Pythia::next(): 303000 events have been generated 

 Pythia::next(): 304000 events have been generated 

 Pythia::next(): 305000 events have been generated 

 Pythia::next(): 306000 events have been generated 

 Pythia::next(): 307000 events have been generated 

 Pythia::next(): 308000 events have been generated 

 Pythia::next(): 309000 events have been generated 

 Pythia::next(): 310000 events have been generated 

 Pythia::next(): 311000 events have been generated 

 Pythia::next(): 312000 events have been generated 

 Pythia::next(): 313000 events have been generated 

 Pythia::next(): 314000 events have been generated 


--> nFills = 800
--> Here is the info:
--> LambdaC_ind = 46
--> EventArray.firstDau[46] = 53.000
--> EventArray.lastDau[46] = 55.000
--> proton_ind = 42 | 2212.000
--> EventArray.Mindex[42] = 35.000
--> kaon_ind = 53 | -321.000
--> EventArray.Mindex[53] = 46.000
--> pion_ind = 43 | 211.000
--> EventArray.Mindex[43] = 35.000


 Pythia::next(): 315000 events have been generated 

 Pythia::next(): 316000 events have been generated 

 Pythia::next(): 317000 events have been generated 

 Pythia::next(): 318000 events have been generated 

 Pythia::next(): 319000 events have been generated 

 Pythia::next(): 320000 events have been generated 

 Pythia::next(): 321000 events have been generated 

 Pythia::next(): 322000 events have been generated 

 Pythia::next(): 323000 events have been generated 

 Pythia::next(): 324000 events have been generated 

 Pythia::next(): 325000 events have been generated 

 Pythia::next(): 326000 events have been generated 

 Pythia::next(): 327000 events have been generated 

 Pythia::next(): 328000 events have been generated 

 Pythia::next(): 329000 events have been generated 

 Pythia::next(): 330000 events have been generated 

 Pythia::next(): 331000 events have been generated 

 Pythia::next(): 332000 events have been generated 

 Pythia::next(): 333000 events have been generated 

 Pythia::next(): 334000 events have been generated 

 Pythia::next(): 335000 events have been generated 

 Pythia::next(): 336000 events have been generated 

 Pythia::next(): 337000 events have been generated 

 Pythia::next(): 338000 events have been generated 

 Pythia::next(): 339000 events have been generated 

 Pythia::next(): 340000 events have been generated 

 Pythia::next(): 341000 events have been generated 

 Pythia::next(): 342000 events have been generated 

 Pythia::next(): 343000 events have been generated 

 Pythia::next(): 344000 events have been generated 

 Pythia::next(): 345000 events have been generated 

 Pythia::next(): 346000 events have been generated 

 Pythia::next(): 347000 events have been generated 

 Pythia::next(): 348000 events have been generated 

 Pythia::next(): 349000 events have been generated 

 Pythia::next(): 350000 events have been generated 

 Pythia::next(): 351000 events have been generated 

 Pythia::next(): 352000 events have been generated 

 Pythia::next(): 353000 events have been generated 

 Pythia::next(): 354000 events have been generated 

 Pythia::next(): 355000 events have been generated 

 Pythia::next(): 356000 events have been generated 


--> nFills = 900
--> Here is the info:
--> LambdaC_ind = 49
--> EventArray.firstDau[49] = 70.000
--> EventArray.lastDau[49] = 72.000
--> proton_ind = 72 | 2212.000
--> EventArray.Mindex[72] = 49.000
--> kaon_ind = 70 | -323.000
--> EventArray.Mindex[70] = 49.000
--> pion_ind = 71 | 211.000
--> EventArray.Mindex[71] = 49.000


 Pythia::next(): 357000 events have been generated 

 Pythia::next(): 358000 events have been generated 

 Pythia::next(): 359000 events have been generated 

 Pythia::next(): 360000 events have been generated 

 Pythia::next(): 361000 events have been generated 

 Pythia::next(): 362000 events have been generated 

 Pythia::next(): 363000 events have been generated 

 Pythia::next(): 364000 events have been generated 

 Pythia::next(): 365000 events have been generated 

 Pythia::next(): 366000 events have been generated 

 Pythia::next(): 367000 events have been generated 

 Pythia::next(): 368000 events have been generated 

 Pythia::next(): 369000 events have been generated 

 Pythia::next(): 370000 events have been generated 

 Pythia::next(): 371000 events have been generated 

 Pythia::next(): 372000 events have been generated 

 Pythia::next(): 373000 events have been generated 

 Pythia::next(): 374000 events have been generated 

 Pythia::next(): 375000 events have been generated 

 Pythia::next(): 376000 events have been generated 

 Pythia::next(): 377000 events have been generated 

 Pythia::next(): 378000 events have been generated 

 Pythia::next(): 379000 events have been generated 

 Pythia::next(): 380000 events have been generated 

 Pythia::next(): 381000 events have been generated 

 Pythia::next(): 382000 events have been generated 

 Pythia::next(): 383000 events have been generated 

 Pythia::next(): 384000 events have been generated 

 Pythia::next(): 385000 events have been generated 

 Pythia::next(): 386000 events have been generated 

 Pythia::next(): 387000 events have been generated 

 Pythia::next(): 388000 events have been generated 

 Pythia::next(): 389000 events have been generated 

 Pythia::next(): 390000 events have been generated 

 Pythia::next(): 391000 events have been generated 

 Pythia::next(): 392000 events have been generated 

 Pythia::next(): 393000 events have been generated 

 Pythia::next(): 394000 events have been generated 

 Pythia::next(): 395000 events have been generated 

 Pythia::next(): 396000 events have been generated 

 *-------  PYTHIA Event and Cross Section Statistics  -------------------------------------------------------------*
 |                                                                                                                 |
 | Subprocess                                    Code |            Number of events       |      sigma +- delta    |
 |                                                    |       Tried   Selected   Accepted |     (estimated) (mb)   |
 |                                                    |                                   |                        |
 |-----------------------------------------------------------------------------------------------------------------|
 |                                                    |                                   |                        |
 | g g -> c cbar                                  121 |     3301936     274111     274110 |   4.257e-04  4.576e-07 |
 | q qbar -> c cbar                               122 |     1199328     122809     122801 |   1.903e-04  3.077e-07 |
 |                                                    |                                   |                        |
 | sum                                                |     4501264     396920     396911 |   6.159e-04  5.514e-07 |
 |                                                                                                                 |
 *-------  End PYTHIA Event and Cross Section Statistics ----------------------------------------------------------*

 *-------  PYTHIA Error and Warning Messages Statistics  ----------------------------------------------------------* 
 |                                                                                                                 | 
 |  times   message                                                                                                | 
 |                                                                                                                 | 
 |      9   Abort from Pythia::next: parton+hadronLevel failed; giving up                                          | 
 |   2842   Error in BeamRemnants::setKinematics: kinematics construction failed                                   | 
 |    741   Error in BeamRemnants::setKinematics: no momentum left for beam remnants                               | 
 |     14   Error in MiniStringFragmentation::fragment: no 1- or 2-body state found above mass threshold           | 
 |     95   Error in Pythia::next: hadronLevel failed; try again                                                   | 
 |     90   Error in Pythia::next: partonLevel failed; try again                                                   | 
 |     13   Error in SpaceShower::pT2nearQCDthreshold: stuck in loop                                               | 
 |     81   Error in StringFragmentation::fragment: stuck in joining                                               | 
 |      1   Warning in MultipartonInteractions::init: maximum increased                                            | 
 |    109   Warning in MultipartonInteractions::pTnext: weight above unity                                         | 
 |    159   Warning in SpaceShower::branch: used up beam momentum; retrying parton level                           | 
 |    661   Warning in StringFragmentation::fragmentToJunction: bad convergence junction rest frame                | 
 |                                                                                                                 | 
 *-------  End PYTHIA Error and Warning Messages Statistics  ------------------------------------------------------* 
--> nFills = 1000

--> Stop <--
--> Lambda_c generation with p p colision 
--> random seed      : 21091991
--> proton energy    : 2.700e+02 GeV/c
--> number of events : 1000
--> Out root file    : /media/andrii/F492773C92770302/SPS_SimulationData/hardccbar.root

